0 info it worked if it ends with ok
1 verbose cli [ 'D:\\Node.js\\node.exe',
1 verbose cli   'D:\\Node.js\\node_modules\\npm\\bin\\npm-cli.js',
1 verbose cli   'run',
1 verbose cli   'client' ]
2 info using npm@3.10.10
3 info using node@v6.11.0
4 verbose run-script [ 'preclient', 'client', 'postclient' ]
5 info lifecycle creative-space@1.0.0~preclient: creative-space@1.0.0
6 silly lifecycle creative-space@1.0.0~preclient: no script for preclient, continuing
7 info lifecycle creative-space@1.0.0~client: creative-space@1.0.0
8 verbose lifecycle creative-space@1.0.0~client: unsafe-perm in lifecycle true
9 verbose lifecycle creative-space@1.0.0~client: PATH: D:\Node.js\node_modules\npm\bin\node-gyp-bin;C:\Users\arush\Desktop\final Project\CreativeSpaceNew\node_modules\.bin;C:\Users\arush\Desktop\final Project\CreativeSpaceNew\node_modules\.bin;C:\Users\arush\AppData\Local\Yarn\config\link\node_modules\.bin;C:\Users\arush\Desktop\final Project\CreativeSpaceNew\node_modules\.bin;C:\Users\arush\AppData\Local\Yarn\config\link\node_modules\.bin;C:\Users\arush\AppData\Local\Yarn\bin;D:\lib\node_modules\npm\bin\node-gyp-bin;D:\Node.js\node_modules\npm\bin\node-gyp-bin;C:\Users\arush\bin;D:\Git\mingw64\bin;D:\Git\usr\local\bin;D:\Git\usr\bin;D:\Git\usr\bin;D:\Git\mingw64\bin;D:\Git\usr\bin;C:\Users\arush\bin;C:\ProgramData\Oracle\Java\javapath;C:\Program Files (x86)\Intel\iCLS Client;C:\Program Files\Intel\iCLS Client;C:\WINDOWS\system32;C:\WINDOWS;C:\WINDOWS\System32\Wbem;C:\WINDOWS\System32\WindowsPowerShell\v1.0;C:\Program Files (x86)\Intel\Intel(R) Management Engine Components\DAL;C:\Program Files\Intel\Intel(R) Management Engine Components\DAL;C:\Program Files (x86)\Intel\Intel(R) Management Engine Components\IPT;C:\Program Files\Intel\Intel(R) Management Engine Components\IPT;D:\Git\cmd;D:\Node.js;C:\Program Files (x86)\GtkSharp\2.12\bin;C:\Program Files\MySQL\MySQL Utilities 1.6;C:\Program Files\MongoDB\Server\3.4\bin;C:\Program Files\Java\jdk-9.0.1\bin;C:\Ruby24-x64\bin;C:\Users\arush\AppData\Local\Microsoft\WindowsApps;D:\Heroku\bin;C:\Users\arush\AppData\Roaming\npm;D:\Git\usr\bin\vendor_perl;D:\Git\usr\bin\core_perl
10 verbose lifecycle creative-space@1.0.0~client: CWD: C:\Users\arush\Desktop\final Project\CreativeSpaceNew
11 silly lifecycle creative-space@1.0.0~client: Args: [ '/d /s /c', 'node scripts/start-client.js' ]
12 verbose stack Error: kill ENOSYS
12 verbose stack     at exports._errnoException (util.js:1018:11)
12 verbose stack     at process.kill (internal/process.js:190:13)
12 verbose stack     at process.listener (D:\Node.js\node_modules\npm\node_modules\npmlog\node_modules\gauge\node_modules\signal-exit\index.js:86:15)
12 verbose stack     at emitNone (events.js:91:20)
12 verbose stack     at process.emit (events.js:185:7)
12 verbose stack     at processEmit (D:\Node.js\node_modules\npm\node_modules\npmlog\node_modules\gauge\node_modules\signal-exit\index.js:146:32)
12 verbose stack     at processEmit (D:\Node.js\node_modules\npm\node_modules\npm-registry-client\node_modules\npmlog\node_modules\gauge\node_modules\signal-exit\index.js:146:32)
12 verbose stack     at Signal.wrap.onsignal (internal/process.js:217:44)
13 verbose cwd C:\Users\arush\Desktop\final Project\CreativeSpaceNew
14 error Windows_NT 10.0.16299
15 error argv "D:\\Node.js\\node.exe" "D:\\Node.js\\node_modules\\npm\\bin\\npm-cli.js" "run" "client"
16 error node v6.11.0
17 error npm  v3.10.10
18 error code ENOSYS
19 error errno ENOSYS
20 error syscall kill
21 error kill ENOSYS
22 error If you need help, you may report this error at:
22 error     <https://github.com/npm/npm/issues>
23 verbose exit [ 1, true ]
